<?xml version="1.0" encoding="UTF-8"?>
<testsuite name="org.example.AppTest" tests="1" skipped="0" failures="0" errors="0" timestamp="2025-03-21T13:47:07.062Z" hostname="DESKTOP-J1MM5KI" time="0.005">
  <properties/>
  <testcase name="appHasAGreeting" classname="org.example.AppTest" time="0.005"/>
  <system-out><![CDATA[]]></system-out>
  <system-err><![CDATA[]]></system-err>
</testsuite>
